2022-10-20T04:58:25+00:00 CRIT (2): Zend_Db_Table_Row_Exception: Specified column "jobtitle" is not in the row in /home/consl2/public_html/application/libraries/Zend/Db/Table/Row/Abstract.php:179
Stack trace:
#0 /home/consl2/public_html/application/modules/Customtheme/widgets/browse-services-listing/index.tpl(221): Zend_Db_Table_Row_Abstract->__get('jobtitle')
#1 /home/consl2/public_html/application/libraries/Zend/View.php(157): include('/home/consl2/pu...')
#2 /home/consl2/public_html/application/libraries/Zend/View/Abstract.php(888): Zend_View->_run('/home/consl2/pu...')
#3 /home/consl2/public_html/application/libraries/Engine/Content/Widget/Abstract.php(292): Zend_View_Abstract->render(NULL)
#4 /home/consl2/public_html/application/libraries/Engine/Content/Widget/Abstract.php(258): Engine_Content_Widget_Abstract->renderScript()
#5 /home/consl2/public_html/application/libraries/Engine/Content/Element/Widget.php(73): Engine_Content_Widget_Abstract->render('index')
#6 /home/consl2/public_html/application/libraries/Engine/Content/Element/Abstract.php(583): Engine_Content_Element_Widget->_render()
#7 /home/consl2/public_html/application/libraries/Engine/Content/Decorator/Children.php(31): Engine_Content_Element_Abstract->render()
#8 /home/consl2/public_html/application/libraries/Engine/Content/Element/Abstract.php(594): Engine_Content_Decorator_Children->render('')
#9 /home/consl2/public_html/application/libraries/Engine/Content/Decorator/Children.php(31): Engine_Content_Element_Abstract->render()
#10 /home/consl2/public_html/application/libraries/Engine/Content/Element/Abstract.php(594): Engine_Content_Decorator_Children->render('')
#11 /home/consl2/public_html/application/libraries/Engine/Content/Decorator/Children.php(31): Engine_Content_Element_Abstract->render()
#12 /home/consl2/public_html/application/libraries/Engine/Content/Element/Abstract.php(594): Engine_Content_Decorator_Children->render('')
#13 /home/consl2/public_html/application/libraries/Engine/Content.php(219): Engine_Content_Element_Abstract->render()
#14 /home/consl2/public_html/application/libraries/Engine/Content/Controller/Action/Helper/Content.php(136): Engine_Content->render(97)
#15 /home/consl2/public_html/application/libraries/Engine/Content/Controller/Action/Helper/Content.php(38): Engine_Content_Controller_Action_Helper_Content->render()
#16 /home/consl2/public_html/application/libraries/Zend/Controller/Action/HelperBroker.php(277): Engine_Content_Controller_Action_Helper_Content->postDispatch()
#17 /home/consl2/public_html/application/libraries/Zend/Controller/Action.php(527): Zend_Controller_Action_HelperBroker->notifyPostDispatch()
#18 /home/consl2/public_html/application/libraries/Zend/Controller/Dispatcher/Standard.php(308): Zend_Controller_Action->dispatch('mentorServiceAc...')
#19 /home/consl2/public_html/application/libraries/Zend/Controller/Front.php(954): Zend_Controller_Dispatcher_Standard->dispatch(Object(Zend_Controller_Request_Http), Object(Zend_Controller_Response_Http))
#20 /home/consl2/public_html/application/modules/Core/Bootstrap.php(87): Zend_Controller_Front->dispatch()
#21 /home/consl2/public_html/application/libraries/Engine/Application.php(160): Core_Bootstrap->run()
#22 /home/consl2/public_html/application/index.php(236): Engine_Application->run()
#23 /home/consl2/public_html/boot.php(47): include('/home/consl2/pu...')
#24 /home/consl2/public_html/index.php(27): Engine_Boot->boot()
#25 {main}
2022-10-20T05:02:32+00:00 CRIT (2): Zend_Db_Table_Row_Exception: Specified column "jobtitle" is not in the row in /home/consl2/public_html/application/libraries/Zend/Db/Table/Row/Abstract.php:179
Stack trace:
#0 /home/consl2/public_html/application/modules/Customtheme/widgets/browse-services-listing/index.tpl(221): Zend_Db_Table_Row_Abstract->__get('jobtitle')
#1 /home/consl2/public_html/application/libraries/Zend/View.php(157): include('/home/consl2/pu...')
#2 /home/consl2/public_html/application/libraries/Zend/View/Abstract.php(888): Zend_View->_run('/home/consl2/pu...')
#3 /home/consl2/public_html/application/libraries/Engine/Content/Widget/Abstract.php(292): Zend_View_Abstract->render(NULL)
#4 /home/consl2/public_html/application/libraries/Engine/Content/Widget/Abstract.php(258): Engine_Content_Widget_Abstract->renderScript()
#5 /home/consl2/public_html/application/libraries/Engine/Content/Element/Widget.php(73): Engine_Content_Widget_Abstract->render('index')
#6 /home/consl2/public_html/application/libraries/Engine/Content/Element/Abstract.php(583): Engine_Content_Element_Widget->_render()
#7 /home/consl2/public_html/application/libraries/Engine/Content/Decorator/Children.php(31): Engine_Content_Element_Abstract->render()
#8 /home/consl2/public_html/application/libraries/Engine/Content/Element/Abstract.php(594): Engine_Content_Decorator_Children->render('')
#9 /home/consl2/public_html/application/libraries/Engine/Content/Decorator/Children.php(31): Engine_Content_Element_Abstract->render()
#10 /home/consl2/public_html/application/libraries/Engine/Content/Element/Abstract.php(594): Engine_Content_Decorator_Children->render('')
#11 /home/consl2/public_html/application/libraries/Engine/Content/Decorator/Children.php(31): Engine_Content_Element_Abstract->render()
#12 /home/consl2/public_html/application/libraries/Engine/Content/Element/Abstract.php(594): Engine_Content_Decorator_Children->render('')
#13 /home/consl2/public_html/application/libraries/Engine/Content.php(219): Engine_Content_Element_Abstract->render()
#14 /home/consl2/public_html/application/libraries/Engine/Content/Controller/Action/Helper/Content.php(136): Engine_Content->render(97)
#15 /home/consl2/public_html/application/libraries/Engine/Content/Controller/Action/Helper/Content.php(38): Engine_Content_Controller_Action_Helper_Content->render()
#16 /home/consl2/public_html/application/libraries/Zend/Controller/Action/HelperBroker.php(277): Engine_Content_Controller_Action_Helper_Content->postDispatch()
#17 /home/consl2/public_html/application/libraries/Zend/Controller/Action.php(527): Zend_Controller_Action_HelperBroker->notifyPostDispatch()
#18 /home/consl2/public_html/application/libraries/Zend/Controller/Dispatcher/Standard.php(308): Zend_Controller_Action->dispatch('mentorServiceAc...')
#19 /home/consl2/public_html/application/libraries/Zend/Controller/Front.php(954): Zend_Controller_Dispatcher_Standard->dispatch(Object(Zend_Controller_Request_Http), Object(Zend_Controller_Response_Http))
#20 /home/consl2/public_html/application/modules/Core/Bootstrap.php(87): Zend_Controller_Front->dispatch()
#21 /home/consl2/public_html/application/libraries/Engine/Application.php(160): Core_Bootstrap->run()
#22 /home/consl2/public_html/application/index.php(236): Engine_Application->run()
#23 /home/consl2/public_html/boot.php(47): include('/home/consl2/pu...')
#24 /home/consl2/public_html/index.php(27): Engine_Boot->boot()
#25 {main}
2022-10-20T05:02:42+00:00 CRIT (2): Zend_Db_Table_Row_Exception: Specified column "jobtitle" is not in the row in /home/consl2/public_html/application/libraries/Zend/Db/Table/Row/Abstract.php:179
Stack trace:
#0 /home/consl2/public_html/application/modules/Customtheme/widgets/browse-services-listing3/index.tpl(222): Zend_Db_Table_Row_Abstract->__get('jobtitle')
#1 /home/consl2/public_html/application/libraries/Zend/View.php(157): include('/home/consl2/pu...')
#2 /home/consl2/public_html/application/libraries/Zend/View/Abstract.php(888): Zend_View->_run('/home/consl2/pu...')
#3 /home/consl2/public_html/application/libraries/Engine/Content/Widget/Abstract.php(292): Zend_View_Abstract->render(NULL)
#4 /home/consl2/public_html/application/libraries/Engine/Content/Widget/Abstract.php(258): Engine_Content_Widget_Abstract->renderScript()
#5 /home/consl2/public_html/application/libraries/Engine/Content/Element/Widget.php(73): Engine_Content_Widget_Abstract->render('index')
#6 /home/consl2/public_html/application/libraries/Engine/Content/Element/Abstract.php(583): Engine_Content_Element_Widget->_render()
#7 /home/consl2/public_html/application/libraries/Engine/Content/Decorator/Children.php(31): Engine_Content_Element_Abstract->render()
#8 /home/consl2/public_html/application/libraries/Engine/Content/Element/Abstract.php(594): Engine_Content_Decorator_Children->render('')
#9 /home/consl2/public_html/application/libraries/Engine/Content/Decorator/Children.php(31): Engine_Content_Element_Abstract->render()
#10 /home/consl2/public_html/application/libraries/Engine/Content/Element/Abstract.php(594): Engine_Content_Decorator_Children->render('')
#11 /home/consl2/public_html/application/libraries/Engine/Content/Decorator/Children.php(31): Engine_Content_Element_Abstract->render()
#12 /home/consl2/public_html/application/libraries/Engine/Content/Element/Abstract.php(594): Engine_Content_Decorator_Children->render('')
#13 /home/consl2/public_html/application/libraries/Engine/Content.php(219): Engine_Content_Element_Abstract->render()
#14 /home/consl2/public_html/application/libraries/Engine/Content/Controller/Action/Helper/Content.php(136): Engine_Content->render('sitebooking_ser...')
#15 /home/consl2/public_html/application/libraries/Engine/Content/Controller/Action/Helper/Content.php(38): Engine_Content_Controller_Action_Helper_Content->render()
#16 /home/consl2/public_html/application/libraries/Zend/Controller/Action/HelperBroker.php(277): Engine_Content_Controller_Action_Helper_Content->postDispatch()
#17 /home/consl2/public_html/application/libraries/Zend/Controller/Action.php(527): Zend_Controller_Action_HelperBroker->notifyPostDispatch()
#18 /home/consl2/public_html/application/libraries/Zend/Controller/Dispatcher/Standard.php(308): Zend_Controller_Action->dispatch('homeAction')
#19 /home/consl2/public_html/application/libraries/Zend/Controller/Front.php(954): Zend_Controller_Dispatcher_Standard->dispatch(Object(Zend_Controller_Request_Http), Object(Zend_Controller_Response_Http))
#20 /home/consl2/public_html/application/modules/Core/Bootstrap.php(87): Zend_Controller_Front->dispatch()
#21 /home/consl2/public_html/application/libraries/Engine/Application.php(160): Core_Bootstrap->run()
#22 /home/consl2/public_html/application/index.php(236): Engine_Application->run()
#23 /home/consl2/public_html/boot.php(47): include('/home/consl2/pu...')
#24 /home/consl2/public_html/index.php(27): Engine_Boot->boot()
#25 {main}
2022-10-20T05:04:04+00:00 CRIT (2): Zend_Db_Table_Row_Exception: Specified column "jobtitle" is not in the row in /home/consl2/public_html/application/libraries/Zend/Db/Table/Row/Abstract.php:179
Stack trace:
#0 /home/consl2/public_html/application/modules/Customtheme/widgets/browse-services-listing3/index.tpl(222): Zend_Db_Table_Row_Abstract->__get('jobtitle')
#1 /home/consl2/public_html/application/libraries/Zend/View.php(157): include('/home/consl2/pu...')
#2 /home/consl2/public_html/application/libraries/Zend/View/Abstract.php(888): Zend_View->_run('/home/consl2/pu...')
#3 /home/consl2/public_html/application/libraries/Engine/Content/Widget/Abstract.php(292): Zend_View_Abstract->render(NULL)
#4 /home/consl2/public_html/application/libraries/Engine/Content/Widget/Abstract.php(258): Engine_Content_Widget_Abstract->renderScript()
#5 /home/consl2/public_html/application/libraries/Engine/Content/Element/Widget.php(73): Engine_Content_Widget_Abstract->render('index')
#6 /home/consl2/public_html/application/libraries/Engine/Content/Element/Abstract.php(583): Engine_Content_Element_Widget->_render()
#7 /home/consl2/public_html/application/libraries/Engine/Content/Decorator/Children.php(31): Engine_Content_Element_Abstract->render()
#8 /home/consl2/public_html/application/libraries/Engine/Content/Element/Abstract.php(594): Engine_Content_Decorator_Children->render('')
#9 /home/consl2/public_html/application/libraries/Engine/Content/Decorator/Children.php(31): Engine_Content_Element_Abstract->render()
#10 /home/consl2/public_html/application/libraries/Engine/Content/Element/Abstract.php(594): Engine_Content_Decorator_Children->render('')
#11 /home/consl2/public_html/application/libraries/Engine/Content/Decorator/Children.php(31): Engine_Content_Element_Abstract->render()
#12 /home/consl2/public_html/application/libraries/Engine/Content/Element/Abstract.php(594): Engine_Content_Decorator_Children->render('')
#13 /home/consl2/public_html/application/libraries/Engine/Content.php(219): Engine_Content_Element_Abstract->render()
#14 /home/consl2/public_html/application/libraries/Engine/Content/Controller/Action/Helper/Content.php(136): Engine_Content->render('sitebooking_ser...')
#15 /home/consl2/public_html/application/libraries/Engine/Content/Controller/Action/Helper/Content.php(38): Engine_Content_Controller_Action_Helper_Content->render()
#16 /home/consl2/public_html/application/libraries/Zend/Controller/Action/HelperBroker.php(277): Engine_Content_Controller_Action_Helper_Content->postDispatch()
#17 /home/consl2/public_html/application/libraries/Zend/Controller/Action.php(527): Zend_Controller_Action_HelperBroker->notifyPostDispatch()
#18 /home/consl2/public_html/application/libraries/Zend/Controller/Dispatcher/Standard.php(308): Zend_Controller_Action->dispatch('homeAction')
#19 /home/consl2/public_html/application/libraries/Zend/Controller/Front.php(954): Zend_Controller_Dispatcher_Standard->dispatch(Object(Zend_Controller_Request_Http), Object(Zend_Controller_Response_Http))
#20 /home/consl2/public_html/application/modules/Core/Bootstrap.php(87): Zend_Controller_Front->dispatch()
#21 /home/consl2/public_html/application/libraries/Engine/Application.php(160): Core_Bootstrap->run()
#22 /home/consl2/public_html/application/index.php(236): Engine_Application->run()
#23 /home/consl2/public_html/boot.php(47): include('/home/consl2/pu...')
#24 /home/consl2/public_html/index.php(27): Engine_Boot->boot()
#25 {main}
2022-10-20T05:05:49+00:00 CRIT (2): Zend_Db_Table_Row_Exception: Specified column "jobtitle" is not in the row in /home/consl2/public_html/application/libraries/Zend/Db/Table/Row/Abstract.php:179
Stack trace:
#0 /home/consl2/public_html/application/modules/Customtheme/widgets/browse-services-listing3/index.tpl(222): Zend_Db_Table_Row_Abstract->__get('jobtitle')
#1 /home/consl2/public_html/application/libraries/Zend/View.php(157): include('/home/consl2/pu...')
#2 /home/consl2/public_html/application/libraries/Zend/View/Abstract.php(888): Zend_View->_run('/home/consl2/pu...')
#3 /home/consl2/public_html/application/libraries/Engine/Content/Widget/Abstract.php(292): Zend_View_Abstract->render(NULL)
#4 /home/consl2/public_html/application/libraries/Engine/Content/Widget/Abstract.php(258): Engine_Content_Widget_Abstract->renderScript()
#5 /home/consl2/public_html/application/libraries/Engine/Content/Element/Widget.php(73): Engine_Content_Widget_Abstract->render('index')
#6 /home/consl2/public_html/application/libraries/Engine/Content/Element/Abstract.php(583): Engine_Content_Element_Widget->_render()
#7 /home/consl2/public_html/application/libraries/Engine/Content/Decorator/Children.php(31): Engine_Content_Element_Abstract->render()
#8 /home/consl2/public_html/application/libraries/Engine/Content/Element/Abstract.php(594): Engine_Content_Decorator_Children->render('')
#9 /home/consl2/public_html/application/libraries/Engine/Content/Decorator/Children.php(31): Engine_Content_Element_Abstract->render()
#10 /home/consl2/public_html/application/libraries/Engine/Content/Element/Abstract.php(594): Engine_Content_Decorator_Children->render('')
#11 /home/consl2/public_html/application/libraries/Engine/Content/Decorator/Children.php(31): Engine_Content_Element_Abstract->render()
#12 /home/consl2/public_html/application/libraries/Engine/Content/Element/Abstract.php(594): Engine_Content_Decorator_Children->render('')
#13 /home/consl2/public_html/application/libraries/Engine/Content.php(219): Engine_Content_Element_Abstract->render()
#14 /home/consl2/public_html/application/libraries/Engine/Content/Controller/Action/Helper/Content.php(136): Engine_Content->render('sitebooking_ser...')
#15 /home/consl2/public_html/application/libraries/Engine/Content/Controller/Action/Helper/Content.php(38): Engine_Content_Controller_Action_Helper_Content->render()
#16 /home/consl2/public_html/application/libraries/Zend/Controller/Action/HelperBroker.php(277): Engine_Content_Controller_Action_Helper_Content->postDispatch()
#17 /home/consl2/public_html/application/libraries/Zend/Controller/Action.php(527): Zend_Controller_Action_HelperBroker->notifyPostDispatch()
#18 /home/consl2/public_html/application/libraries/Zend/Controller/Dispatcher/Standard.php(308): Zend_Controller_Action->dispatch('homeAction')
#19 /home/consl2/public_html/application/libraries/Zend/Controller/Front.php(954): Zend_Controller_Dispatcher_Standard->dispatch(Object(Zend_Controller_Request_Http), Object(Zend_Controller_Response_Http))
#20 /home/consl2/public_html/application/modules/Core/Bootstrap.php(87): Zend_Controller_Front->dispatch()
#21 /home/consl2/public_html/application/libraries/Engine/Application.php(160): Core_Bootstrap->run()
#22 /home/consl2/public_html/application/index.php(236): Engine_Application->run()
#23 /home/consl2/public_html/boot.php(47): include('/home/consl2/pu...')
#24 /home/consl2/public_html/index.php(27): Engine_Boot->boot()
#25 {main}
2022-10-20T05:05:54+00:00 CRIT (2): Zend_Db_Table_Row_Exception: Specified column "jobtitle" is not in the row in /home/consl2/public_html/application/libraries/Zend/Db/Table/Row/Abstract.php:179
Stack trace:
#0 /home/consl2/public_html/application/modules/Customtheme/widgets/browse-services-listing3/index.tpl(222): Zend_Db_Table_Row_Abstract->__get('jobtitle')
#1 /home/consl2/public_html/application/libraries/Zend/View.php(157): include('/home/consl2/pu...')
#2 /home/consl2/public_html/application/libraries/Zend/View/Abstract.php(888): Zend_View->_run('/home/consl2/pu...')
#3 /home/consl2/public_html/application/libraries/Engine/Content/Widget/Abstract.php(292): Zend_View_Abstract->render(NULL)
#4 /home/consl2/public_html/application/libraries/Engine/Content/Widget/Abstract.php(258): Engine_Content_Widget_Abstract->renderScript()
#5 /home/consl2/public_html/application/libraries/Engine/Content/Element/Widget.php(73): Engine_Content_Widget_Abstract->render('index')
#6 /home/consl2/public_html/application/libraries/Engine/Content/Element/Abstract.php(583): Engine_Content_Element_Widget->_render()
#7 /home/consl2/public_html/application/libraries/Engine/Content/Decorator/Children.php(31): Engine_Content_Element_Abstract->render()
#8 /home/consl2/public_html/application/libraries/Engine/Content/Element/Abstract.php(594): Engine_Content_Decorator_Children->render('')
#9 /home/consl2/public_html/application/libraries/Engine/Content/Decorator/Children.php(31): Engine_Content_Element_Abstract->render()
#10 /home/consl2/public_html/application/libraries/Engine/Content/Element/Abstract.php(594): Engine_Content_Decorator_Children->render('')
#11 /home/consl2/public_html/application/libraries/Engine/Content/Decorator/Children.php(31): Engine_Content_Element_Abstract->render()
#12 /home/consl2/public_html/application/libraries/Engine/Content/Element/Abstract.php(594): Engine_Content_Decorator_Children->render('')
#13 /home/consl2/public_html/application/libraries/Engine/Content.php(219): Engine_Content_Element_Abstract->render()
#14 /home/consl2/public_html/application/libraries/Engine/Content/Controller/Action/Helper/Content.php(136): Engine_Content->render('sitebooking_ser...')
#15 /home/consl2/public_html/application/libraries/Engine/Content/Controller/Action/Helper/Content.php(38): Engine_Content_Controller_Action_Helper_Content->render()
#16 /home/consl2/public_html/application/libraries/Zend/Controller/Action/HelperBroker.php(277): Engine_Content_Controller_Action_Helper_Content->postDispatch()
#17 /home/consl2/public_html/application/libraries/Zend/Controller/Action.php(527): Zend_Controller_Action_HelperBroker->notifyPostDispatch()
#18 /home/consl2/public_html/application/libraries/Zend/Controller/Dispatcher/Standard.php(308): Zend_Controller_Action->dispatch('homeAction')
#19 /home/consl2/public_html/application/libraries/Zend/Controller/Front.php(954): Zend_Controller_Dispatcher_Standard->dispatch(Object(Zend_Controller_Request_Http), Object(Zend_Controller_Response_Http))
#20 /home/consl2/public_html/application/modules/Core/Bootstrap.php(87): Zend_Controller_Front->dispatch()
#21 /home/consl2/public_html/application/libraries/Engine/Application.php(160): Core_Bootstrap->run()
#22 /home/consl2/public_html/application/index.php(236): Engine_Application->run()
#23 /home/consl2/public_html/boot.php(47): include('/home/consl2/pu...')
#24 /home/consl2/public_html/index.php(27): Engine_Boot->boot()
#25 {main}
2022-10-20T05:09:11+00:00 CRIT (2): Zend_Db_Table_Row_Exception: Specified column "jobtitle" is not in the row in /home/consl2/public_html/application/libraries/Zend/Db/Table/Row/Abstract.php:179
Stack trace:
#0 /home/consl2/public_html/application/modules/Customtheme/widgets/browse-services-listing3/index.tpl(222): Zend_Db_Table_Row_Abstract->__get('jobtitle')
#1 /home/consl2/public_html/application/libraries/Zend/View.php(157): include('/home/consl2/pu...')
#2 /home/consl2/public_html/application/libraries/Zend/View/Abstract.php(888): Zend_View->_run('/home/consl2/pu...')
#3 /home/consl2/public_html/application/libraries/Engine/Content/Widget/Abstract.php(292): Zend_View_Abstract->render(NULL)
#4 /home/consl2/public_html/application/libraries/Engine/Content/Widget/Abstract.php(258): Engine_Content_Widget_Abstract->renderScript()
#5 /home/consl2/public_html/application/libraries/Engine/Content/Element/Widget.php(73): Engine_Content_Widget_Abstract->render('index')
#6 /home/consl2/public_html/application/libraries/Engine/Content/Element/Abstract.php(583): Engine_Content_Element_Widget->_render()
#7 /home/consl2/public_html/application/libraries/Engine/Content/Decorator/Children.php(31): Engine_Content_Element_Abstract->render()
#8 /home/consl2/public_html/application/libraries/Engine/Content/Element/Abstract.php(594): Engine_Content_Decorator_Children->render('')
#9 /home/consl2/public_html/application/libraries/Engine/Content/Decorator/Children.php(31): Engine_Content_Element_Abstract->render()
#10 /home/consl2/public_html/application/libraries/Engine/Content/Element/Abstract.php(594): Engine_Content_Decorator_Children->render('')
#11 /home/consl2/public_html/application/libraries/Engine/Content/Decorator/Children.php(31): Engine_Content_Element_Abstract->render()
#12 /home/consl2/public_html/application/libraries/Engine/Content/Element/Abstract.php(594): Engine_Content_Decorator_Children->render('')
#13 /home/consl2/public_html/application/libraries/Engine/Content.php(219): Engine_Content_Element_Abstract->render()
#14 /home/consl2/public_html/application/libraries/Engine/Content/Controller/Action/Helper/Content.php(136): Engine_Content->render('sitebooking_ser...')
#15 /home/consl2/public_html/application/libraries/Engine/Content/Controller/Action/Helper/Content.php(38): Engine_Content_Controller_Action_Helper_Content->render()
#16 /home/consl2/public_html/application/libraries/Zend/Controller/Action/HelperBroker.php(277): Engine_Content_Controller_Action_Helper_Content->postDispatch()
#17 /home/consl2/public_html/application/libraries/Zend/Controller/Action.php(527): Zend_Controller_Action_HelperBroker->notifyPostDispatch()
#18 /home/consl2/public_html/application/libraries/Zend/Controller/Dispatcher/Standard.php(308): Zend_Controller_Action->dispatch('homeAction')
#19 /home/consl2/public_html/application/libraries/Zend/Controller/Front.php(954): Zend_Controller_Dispatcher_Standard->dispatch(Object(Zend_Controller_Request_Http), Object(Zend_Controller_Response_Http))
#20 /home/consl2/public_html/application/modules/Core/Bootstrap.php(87): Zend_Controller_Front->dispatch()
#21 /home/consl2/public_html/application/libraries/Engine/Application.php(160): Core_Bootstrap->run()
#22 /home/consl2/public_html/application/index.php(236): Engine_Application->run()
#23 /home/consl2/public_html/boot.php(47): include('/home/consl2/pu...')
#24 /home/consl2/public_html/index.php(27): Engine_Boot->boot()
#25 {main}
2022-10-20T05:11:04+00:00 CRIT (2): Zend_Db_Table_Row_Exception: Specified column "jobtitle" is not in the row in /home/consl2/public_html/application/libraries/Zend/Db/Table/Row/Abstract.php:179
Stack trace:
#0 /home/consl2/public_html/application/modules/Customtheme/widgets/browse-services-listing3/index.tpl(222): Zend_Db_Table_Row_Abstract->__get('jobtitle')
#1 /home/consl2/public_html/application/libraries/Zend/View.php(157): include('/home/consl2/pu...')
#2 /home/consl2/public_html/application/libraries/Zend/View/Abstract.php(888): Zend_View->_run('/home/consl2/pu...')
#3 /home/consl2/public_html/application/libraries/Engine/Content/Widget/Abstract.php(292): Zend_View_Abstract->render(NULL)
#4 /home/consl2/public_html/application/libraries/Engine/Content/Widget/Abstract.php(258): Engine_Content_Widget_Abstract->renderScript()
#5 /home/consl2/public_html/application/libraries/Engine/Content/Element/Widget.php(73): Engine_Content_Widget_Abstract->render('index')
#6 /home/consl2/public_html/application/libraries/Engine/Content/Element/Abstract.php(583): Engine_Content_Element_Widget->_render()
#7 /home/consl2/public_html/application/libraries/Engine/Content/Decorator/Children.php(31): Engine_Content_Element_Abstract->render()
#8 /home/consl2/public_html/application/libraries/Engine/Content/Element/Abstract.php(594): Engine_Content_Decorator_Children->render('')
#9 /home/consl2/public_html/application/libraries/Engine/Content/Decorator/Children.php(31): Engine_Content_Element_Abstract->render()
#10 /home/consl2/public_html/application/libraries/Engine/Content/Element/Abstract.php(594): Engine_Content_Decorator_Children->render('')
#11 /home/consl2/public_html/application/libraries/Engine/Content/Decorator/Children.php(31): Engine_Content_Element_Abstract->render()
#12 /home/consl2/public_html/application/libraries/Engine/Content/Element/Abstract.php(594): Engine_Content_Decorator_Children->render('')
#13 /home/consl2/public_html/application/libraries/Engine/Content.php(219): Engine_Content_Element_Abstract->render()
#14 /home/consl2/public_html/application/libraries/Engine/Content/Controller/Action/Helper/Content.php(136): Engine_Content->render('sitebooking_ser...')
#15 /home/consl2/public_html/application/libraries/Engine/Content/Controller/Action/Helper/Content.php(38): Engine_Content_Controller_Action_Helper_Content->render()
#16 /home/consl2/public_html/application/libraries/Zend/Controller/Action/HelperBroker.php(277): Engine_Content_Controller_Action_Helper_Content->postDispatch()
#17 /home/consl2/public_html/application/libraries/Zend/Controller/Action.php(527): Zend_Controller_Action_HelperBroker->notifyPostDispatch()
#18 /home/consl2/public_html/application/libraries/Zend/Controller/Dispatcher/Standard.php(308): Zend_Controller_Action->dispatch('homeAction')
#19 /home/consl2/public_html/application/libraries/Zend/Controller/Front.php(954): Zend_Controller_Dispatcher_Standard->dispatch(Object(Zend_Controller_Request_Http), Object(Zend_Controller_Response_Http))
#20 /home/consl2/public_html/application/modules/Core/Bootstrap.php(87): Zend_Controller_Front->dispatch()
#21 /home/consl2/public_html/application/libraries/Engine/Application.php(160): Core_Bootstrap->run()
#22 /home/consl2/public_html/application/index.php(236): Engine_Application->run()
#23 /home/consl2/public_html/boot.php(47): include('/home/consl2/pu...')
#24 /home/consl2/public_html/index.php(27): Engine_Boot->boot()
#25 {main}
